#
# There is insufficient memory for the Java Runtime Environment to continue.
# Native memory allocation (malloc) failed to allocate 950416 bytes for Chunk::new
# Possible reasons:
#   The system is out of physical RAM or swap space
#   The process is running with CompressedOops enabled, and the Java Heap may be blocking the growth of the native heap
# Possible solutions:
#   Reduce memory load on the system
#   Increase physical memory or swap space
#   Check if swap backing store is full
#   Decrease Java heap size (-Xmx/-Xms)
#   Decrease number of Java threads
#   Decrease Java thread stack sizes (-Xss)
#   Set larger code cache with -XX:ReservedCodeCacheSize=
#   JVM is running with Unscaled Compressed Oops mode in which the Java heap is
#     placed in the first 4GB address space. The Java Heap base address is the
#     maximum limit for the native heap growth. Please use -XX:HeapBaseMinAddress
#     to set the Java Heap base and to place the Java Heap above 4GB virtual address.
# This output file may be truncated or incomplete.
#
#  Out of Memory Error (arena.cpp:189), pid=36448, tid=30068
#
# JRE version: OpenJDK Runtime Environment Corretto-17.0.3.6.1 (17.0.3+6) (build 17.0.3+6-LTS)
# Java VM: OpenJDK 64-Bit Server VM Corretto-17.0.3.6.1 (17.0.3+6-LTS, mixed mode, sharing, tiered, compressed oops, compressed class ptrs, g1 gc, windows-amd64)
# No core dump will be written. Minidumps are not enabled by default on client versions of Windows
#

---------------  S U M M A R Y ------------

Command Line: -Dfile.encoding=UTF-8 -XX:+ShowCodeDetailsInExceptionMessages atmSimulatorSystem.Signup3

Host: AMD Ryzen 7 4800H with Radeon Graphics         , 16 cores, 7G,  Windows 11 , 64 bit Build 22621 (10.0.22621.900)
Time: Thu Dec  1 22:19:52 2022 India Standard Time elapsed time: 0.729591 seconds (0d 0h 0m 0s)

---------------  T H R E A D  ---------------

Current thread (0x00000143d7af1640):  JavaThread "C2 CompilerThread0" daemon [_thread_in_native, id=30068, stack(0x00000028c2300000,0x00000028c2400000)]


Current CompileTask:
C2:    729  714 % !   4       sun.awt.image.PNGImageDecoder::produceImage @ 960 (1917 bytes)

Stack: [0x00000028c2300000,0x00000028c2400000]
Native frames: (J=compiled Java code, j=interpreted, Vv=VM code, C=native code)
V  [jvm.dll+0x645e5a]
V  [jvm.dll+0x7f6fc4]
V  [jvm.dll+0x7f877e]
V  [jvm.dll+0x7f8dd3]
V  [jvm.dll+0x234bb8]
V  [jvm.dll+0xbce1b]
V  [jvm.dll+0xbd3ac]
V  [jvm.dll+0x34d747]
V  [jvm.dll+0x31809f]
V  [jvm.dll+0x3174da]
V  [jvm.dll+0x209225]
V  [jvm.dll+0x2087b7]
V  [jvm.dll+0x198b5d]
V  [jvm.dll+0x217b49]
V  [jvm.dll+0x215d9b]
V  [jvm.dll+0x7af68b]
V  [jvm.dll+0x7a9c9a]
V  [jvm.dll+0x644d05]
C  [ucrtbase.dll+0x29363]
C  [KERNEL32.DLL+0x1247d]
C  [ntdll.dll+0x5dfb8]


---------------  P R O C E S S  ---------------

Threads class SMR info:
_java_thread_list=0x00000143d8fbdb20, length=19, elements={
0x00000143b9079ff0, 0x00000143d7acf6b0, 0x00000143d7ad4080, 0x00000143d7ae2f30,
0x00000143d7ae38e0, 0x00000143d7ae4290, 0x00000143d7aecc50, 0x00000143d7af1640,
0x00000143d7af3040, 0x00000143d7b041f0, 0x00000143d85bcae0, 0x00000143d85cf6a0,
0x00000143b6e8bfe0, 0x00000143d8830910, 0x00000143d8833cb0, 0x00000143d8836f90,
0x00000143d8fb6e60, 0x00000143d8fe16a0, 0x00000143d91f7cf0
}

Java Threads: ( => current thread )
  0x00000143b9079ff0 JavaThread "main" [_thread_in_vm, id=36080, stack(0x00000028c1600000,0x00000028c1700000)]
  0x00000143d7acf6b0 JavaThread "Reference Handler" daemon [_thread_blocked, id=36108, stack(0x00000028c1d00000,0x00000028c1e00000)]
  0x00000143d7ad4080 JavaThread "Finalizer" daemon [_thread_blocked, id=35112, stack(0x00000028c1e00000,0x00000028c1f00000)]
  0x00000143d7ae2f30 JavaThread "Signal Dispatcher" daemon [_thread_blocked, id=32904, stack(0x00000028c1f00000,0x00000028c2000000)]
  0x00000143d7ae38e0 JavaThread "Attach Listener" daemon [_thread_blocked, id=35500, stack(0x00000028c2000000,0x00000028c2100000)]
  0x00000143d7ae4290 JavaThread "Service Thread" daemon [_thread_blocked, id=33172, stack(0x00000028c2100000,0x00000028c2200000)]
  0x00000143d7aecc50 JavaThread "Monitor Deflation Thread" daemon [_thread_blocked, id=31208, stack(0x00000028c2200000,0x00000028c2300000)]
=>0x00000143d7af1640 JavaThread "C2 CompilerThread0" daemon [_thread_in_native, id=30068, stack(0x00000028c2300000,0x00000028c2400000)]
  0x00000143d7af3040 JavaThread "C1 CompilerThread0" daemon [_thread_blocked, id=25032, stack(0x00000028c2400000,0x00000028c2500000)]
  0x00000143d7b041f0 JavaThread "Sweeper thread" daemon [_thread_blocked, id=33984, stack(0x00000028c2500000,0x00000028c2600000)]
  0x00000143d85bcae0 JavaThread "Notification Thread" daemon [_thread_blocked, id=23488, stack(0x00000028c2600000,0x00000028c2700000)]
  0x00000143d85cf6a0 JavaThread "Common-Cleaner" daemon [_thread_blocked, id=5400, stack(0x00000028c2800000,0x00000028c2900000)]
  0x00000143b6e8bfe0 JavaThread "C1 CompilerThread1" daemon [_thread_blocked, id=3244, stack(0x00000028c2900000,0x00000028c2a00000)]
  0x00000143d8830910 JavaThread "Java2D Disposer" daemon [_thread_blocked, id=35124, stack(0x00000028c2a00000,0x00000028c2b00000)]
  0x00000143d8833cb0 JavaThread "AWT-Shutdown" [_thread_blocked, id=36140, stack(0x00000028c2b00000,0x00000028c2c00000)]
  0x00000143d8836f90 JavaThread "AWT-Windows" daemon [_thread_in_native, id=4764, stack(0x00000028c2c00000,0x00000028c2d00000)]
  0x00000143d8fb6e60 JavaThread "Image Fetcher 0" daemon [_thread_blocked, id=1152, stack(0x00000028c3900000,0x00000028c3a00000)]
  0x00000143d8fe16a0 JavaThread "C1 CompilerThread2" daemon [_thread_in_native, id=30732, stack(0x00000028c3a00000,0x00000028c3b00000)]
  0x00000143d91f7cf0 JavaThread "AWT-EventQueue-0" [_thread_blocked, id=35588, stack(0x00000028c3b00000,0x00000028c3c00000)]

Other Threads:
  0x00000143d7ac8900 VMThread "VM Thread" [stack: 0x00000028c1c00000,0x00000028c1d00000] [id=36104]
  0x00000143d85bf3d0 WatcherThread [stack: 0x00000028c2700000,0x00000028c2800000] [id=27968]
  0x00000143b90cf990 GCTaskThread "GC Thread#0" [stack: 0x00000028c1700000,0x00000028c1800000] [id=36084]
  0x00000143b90df6b0 ConcurrentGCThread "G1 Main Marker" [stack: 0x00000028c1800000,0x00000028c1900000] [id=36088]
  0x00000143b90e3ee0 ConcurrentGCThread "G1 Conc#0" [stack: 0x00000028c1900000,0x00000028c1a00000] [id=36092]
  0x00000143b914e200 ConcurrentGCThread "G1 Refine#0" [stack: 0x00000028c1a00000,0x00000028c1b00000] [id=36096]
  0x00000143b914e9c0 ConcurrentGCThread "G1 Service" [stack: 0x00000028c1b00000,0x00000028c1c00000] [id=36100]

Threads with active compile tasks:
C2 CompilerThread0      748  714 % !   4       sun.awt.image.PNGImageDecoder::produceImage @ 960 (1917 bytes)

VM state: not at safepoint (normal execution)

VM Mutex/Monitor currently owned by a thread: None

Heap address: 0x0000000089400000, size: 1900 MB, Compressed Oops mode: 32-bit

CDS archive(s) mapped at: [0x0000000800000000-0x0000000800bc0000-0x0000000800bc0000), size 12320768, SharedBaseAddress: 0x0000000800000000, ArchiveRelocationMode: 0.
Compressed class space mapped at: 0x0000000800c00000-0x0000000840c00000, reserved size: 1073741824
Narrow klass base: 0x0000000800000000, Narrow klass shift: 0, Narrow klass range: 0x100000000

GC Precious Log:
 CPUs: 16 total, 16 available
 Memory: 7598M
 Large Page Support: Disabled
 NUMA Support: Disabled
 Compressed Oops: Enabled (32-bit)
 Heap Region Size: 1M
 Heap Min Capacity: 8M
 Heap Initial Capacity: 120M
 Heap Max Capacity: 1900M
 Pre-touch: Disabled
 Parallel Workers: 13
 Concurrent Workers: 3
 Concurrent Refinement Workers: 13
 Periodic GC: Disabled

Heap:
 garbage-first heap   total 122880K, used 16384K [0x0000000089400000, 0x0000000100000000)
  region size 1024K, 12 young (12288K), 0 survivors (0K)
 Metaspace       used 6059K, committed 6272K, reserved 1056768K
  class space    used 660K, committed 768K, reserved 1048576K

Heap Regions: E=young(eden), S=young(survivor), O=old, HS=humongous(starts), HC=humongous(continues), CS=collection set, F=free, OA=open archive, CA=closed archive, TAMS=top-at-mark-start (previous, next)
|   0|0x0000000089400000, 0x0000000089500000, 0x0000000089500000|100%|HS|  |TAMS 0x0000000089400000, 0x0000000089400000| Complete 
|   1|0x0000000089500000, 0x0000000089600000, 0x0000000089600000|100%|HC|  |TAMS 0x0000000089500000, 0x0000000089500000| Complete 
|   2|0x0000000089600000, 0x0000000089700000, 0x0000000089700000|100%|HC|  |TAMS 0x0000000089600000, 0x0000000089600000| Complete 
|   3|0x0000000089700000, 0x0000000089800000, 0x0000000089800000|100%|HC|  |TAMS 0x0000000089700000, 0x0000000089700000| Complete 
|   4|0x0000000089800000, 0x0000000089900000, 0x0000000089900000|100%|HC|  |TAMS 0x0000000089800000, 0x0000000089800000| Complete 
|   5|0x0000000089900000, 0x0000000089900000, 0x0000000089a00000|  0%| F|  |TAMS 0x0000000089900000, 0x0000000089900000| Untracked 
|   6|0x0000000089a00000, 0x0000000089a00000, 0x0000000089b00000|  0%| F|  |TAMS 0x0000000089a00000, 0x0000000089a00000| Untracked 
|   7|0x0000000089b00000, 0x0000000089b00000, 0x0000000089c00000|  0%| F|  |TAMS 0x0000000089b00000, 0x0000000089b00000| Untracked 
|   8|0x0000000089c00000, 0x0000000089c00000, 0x0000000089d00000|  0%| F|  |TAMS 0x0000000089c00000, 0x0000000089c00000| Untracked 
|   9|0x0000000089d00000, 0x0000000089d00000, 0x0000000089e00000|  0%| F|  |TAMS 0x0000000089d00000, 0x0000000089d00000| Untracked 
|  10|0x0000000089e00000, 0x0000000089e00000, 0x0000000089f00000|  0%| F|  |TAMS 0x0000000089e00000, 0x0000000089e00000| Untracked 
|  11|0x0000000089f00000, 0x0000000089f00000, 0x000000008a000000|  0%| F|  |TAMS 0x0000000089f00000, 0x0000000089f00000| Untracked 
|  12|0x000000008a000000, 0x000000008a000000, 0x000000008a100000|  0%| F|  |TAMS 0x000000008a000000, 0x000000008a000000| Untracked 
|  13|0x000000008a100000, 0x000000008a100000, 0x000000008a200000|  0%| F|  |TAMS 0x000000008a100000, 0x000000008a100000| Untracked 
|  14|0x000000008a200000, 0x000000008a200000, 0x000000008a300000|  0%| F|  |TAMS 0x000000008a200000, 0x000000008a200000| Untracked 
|  15|0x000000008a300000, 0x000000008a300000, 0x000000008a400000|  0%| F|  |TAMS 0x000000008a300000, 0x000000008a300000| Untracked 
|  16|0x000000008a400000, 0x000000008a400000, 0x000000008a500000|  0%| F|  |TAMS 0x000000008a400000, 0x000000008a400000| Untracked 
|  17|0x000000008a500000, 0x000000008a500000, 0x000000008a600000|  0%| F|  |TAMS 0x000000008a500000, 0x000000008a500000| Untracked 
|  18|0x000000008a600000, 0x000000008a600000, 0x000000008a700000|  0%| F|  |TAMS 0x000000008a600000, 0x000000008a600000| Untracked 
|  19|0x000000008a700000, 0x000000008a700000, 0x000000008a800000|  0%| F|  |TAMS 0x000000008a700000, 0x000000008a700000| Untracked 
|  20|0x000000008a800000, 0x000000008a800000, 0x000000008a900000|  0%| F|  |TAMS 0x000000008a800000, 0x000000008a800000| Untracked 
|  21|0x000000008a900000, 0x000000008a900000, 0x000000008aa00000|  0%| F|  |TAMS 0x000000008a900000, 0x000000008a900000| Untracked 
|  22|0x000000008aa00000, 0x000000008aa00000, 0x000000008ab00000|  0%| F|  |TAMS 0x000000008aa00000, 0x000000008aa00000| Untracked 
|  23|0x000000008ab00000, 0x000000008ab00000, 0x000000008ac00000|  0%| F|  |TAMS 0x000000008ab00000, 0x000000008ab00000| Untracked 
|  24|0x000000008ac00000, 0x000000008ac00000, 0x000000008ad00000|  0%| F|  |TAMS 0x000000008ac00000, 0x000000008ac00000| Untracked 
|  25|0x000000008ad00000, 0x000000008ad00000, 0x000000008ae00000|  0%| F|  |TAMS 0x000000008ad00000, 0x000000008ad00000| Untracked 
|  26|0x000000008ae00000, 0x000000008ae00000, 0x000000008af00000|  0%| F|  |TAMS 0x000000008ae00000, 0x000000008ae00000| Untracked 
|  27|0x000000008af00000, 0x000000008af00000, 0x000000008b000000|  0%| F|  |TAMS 0x000000008af00000, 0x000000008af00000| Untracked 
|  28|0x000000008b000000, 0x000000008b000000, 0x000000008b100000|  0%| F|  |TAMS 0x000000008b000000, 0x000000008b000000| Untracked 
|  29|0x000000008b100000, 0x000000008b100000, 0x000000008b200000|  0%| F|  |TAMS 0x000000008b100000, 0x000000008b100000| Untracked 
|  30|0x000000008b200000, 0x000000008b200000, 0x000000008b300000|  0%| F|  |TAMS 0x000000008b200000, 0x000000008b200000| Untracked 
|  31|0x000000008b300000, 0x000000008b300000, 0x000000008b400000|  0%| F|  |TAMS 0x000000008b300000, 0x000000008b300000| Untracked 
|  32|0x000000008b400000, 0x000000008b400000, 0x000000008b500000|  0%| F|  |TAMS 0x000000008b400000, 0x000000008b400000| Untracked 
|  33|0x000000008b500000, 0x000000008b500000, 0x000000008b600000|  0%| F|  |TAMS 0x000000008b500000, 0x000000008b500000| Untracked 
|  34|0x000000008b600000, 0x000000008b600000, 0x000000008b700000|  0%| F|  |TAMS 0x000000008b600000, 0x000000008b600000| Untracked 
|  35|0x000000008b700000, 0x000000008b700000, 0x000000008b800000|  0%| F|  |TAMS 0x000000008b700000, 0x000000008b700000| Untracked 
|  36|0x000000008b800000, 0x000000008b800000, 0x000000008b900000|  0%| F|  |TAMS 0x000000008b800000, 0x000000008b800000| Untracked 
|  37|0x000000008b900000, 0x000000008b900000, 0x000000008ba00000|  0%| F|  |TAMS 0x000000008b900000, 0x000000008b900000| Untracked 
|  38|0x000000008ba00000, 0x000000008ba00000, 0x000000008bb00000|  0%| F|  |TAMS 0x000000008ba00000, 0x000000008ba00000| Untracked 
|  39|0x000000008bb00000, 0x000000008bb00000, 0x000000008bc00000|  0%| F|  |TAMS 0x000000008bb00000, 0x000000008bb00000| Untracked 
|  40|0x000000008bc00000, 0x000000008bc00000, 0x000000008bd00000|  0%| F|  |TAMS 0x000000008bc00000, 0x000000008bc00000| Untracked 
|  41|0x000000008bd00000, 0x000000008bd00000, 0x000000008be00000|  0%| F|  |TAMS 0x000000008bd00000, 0x000000008bd00000| Untracked 
|  42|0x000000008be00000, 0x000000008be00000, 0x000000008bf00000|  0%| F|  |TAMS 0x000000008be00000, 0x000000008be00000| Untracked 
|  43|0x000000008bf00000, 0x000000008bf00000, 0x000000008c000000|  0%| F|  |TAMS 0x000000008bf00000, 0x000000008bf00000| Untracked 
|  44|0x000000008c000000, 0x000000008c000000, 0x000000008c100000|  0%| F|  |TAMS 0x000000008c000000, 0x000000008c000000| Untracked 
|  45|0x000000008c100000, 0x000000008c100000, 0x000000008c200000|  0%| F|  |TAMS 0x000000008c100000, 0x000000008c100000| Untracked 
|  46|0x000000008c200000, 0x000000008c200000, 0x000000008c300000|  0%| F|  |TAMS 0x000000008c200000, 0x000000008c200000| Untracked 
|  47|0x000000008c300000, 0x000000008c300000, 0x000000008c400000|  0%| F|  |TAMS 0x000000008c300000, 0x000000008c300000| Untracked 
|  48|0x000000008c400000, 0x000000008c400000, 0x000000008c500000|  0%| F|  |TAMS 0x000000008c400000, 0x000000008c400000| Untracked 
|  49|0x000000008c500000, 0x000000008c500000, 0x000000008c600000|  0%| F|  |TAMS 0x000000008c500000, 0x000000008c500000| Untracked 
|  50|0x000000008c600000, 0x000000008c600000, 0x000000008c700000|  0%| F|  |TAMS 0x000000008c600000, 0x000000008c600000| Untracked 
|  51|0x000000008c700000, 0x000000008c700000, 0x000000008c800000|  0%| F|  |TAMS 0x000000008c700000, 0x000000008c700000| Untracked 
|  52|0x000000008c800000, 0x000000008c800000, 0x000000008c900000|  0%| F|  |TAMS 0x000000008c800000, 0x000000008c800000| Untracked 
|  53|0x000000008c900000, 0x000000008c900000, 0x000000008ca00000|  0%| F|  |TAMS 0x000000008c900000, 0x000000008c900000| Untracked 
|  54|0x000000008ca00000, 0x000000008ca00000, 0x000000008cb00000|  0%| F|  |TAMS 0x000000008ca00000, 0x000000008ca00000| Untracked 
|  55|0x000000008cb00000, 0x000000008cb00000, 0x000000008cc00000|  0%| F|  |TAMS 0x000000008cb00000, 0x000000008cb00000| Untracked 
|  56|0x000000008cc00000, 0x000000008cc00000, 0x000000008cd00000|  0%| F|  |TAMS 0x000000008cc00000, 0x000000008cc00000| Untracked 
|  57|0x000000008cd00000, 0x000000008cd00000, 0x000000008ce00000|  0%| F|  |TAMS 0x000000008cd00000, 0x000000008cd00000| Untracked 
|  58|0x000000008ce00000, 0x000000008ce00000, 0x000000008cf00000|  0%| F|  |TAMS 0x000000008ce00000, 0x000000008ce00000| Untracked 
|  59|0x000000008cf00000, 0x000000008cf00000, 0x000000008d000000|  0%| F|  |TAMS 0x000000008cf00000, 0x000000008cf00000| Untracked 
|  60|0x000000008d000000, 0x000000008d000000, 0x000000008d100000|  0%| F|  |TAMS 0x000000008d000000, 0x000000008d000000| Untracked 
|  61|0x000000008d100000, 0x000000008d100000, 0x000000008d200000|  0%| F|  |TAMS 0x000000008d100000, 0x000000008d100000| Untracked 
|  62|0x000000008d200000, 0x000000008d200000, 0x000000008d300000|  0%| F|  |TAMS 0x000000008d200000, 0x000000008d200000| Untracked 
|  63|0x000000008d300000, 0x000000008d300000, 0x000000008d400000|  0%| F|  |TAMS 0x000000008d300000, 0x000000008d300000| Untracked 
|  64|0x000000008d400000, 0x000000008d400000, 0x000000008d500000|  0%| F|  |TAMS 0x000000008d400000, 0x000000008d400000| Untracked 
|  65|0x000000008d500000, 0x000000008d500000, 0x000000008d600000|  0%| F|  |TAMS 0x000000008d500000, 0x000000008d500000| Untracked 
|  66|0x000000008d600000, 0x000000008d600000, 0x000000008d700000|  0%| F|  |TAMS 0x000000008d600000, 0x000000008d600000| Untracked 
|  67|0x000000008d700000, 0x000000008d700000, 0x000000008d800000|  0%| F|  |TAMS 0x000000008d700000, 0x000000008d700000| Untracked 
|  68|0x000000008d800000, 0x000000008d800000, 0x000000008d900000|  0%| F|  |TAMS 0x000000008d800000, 0x000000008d800000| Untracked 
|  69|0x000000008d900000, 0x000000008d900000, 0x000000008da00000|  0%| F|  |TAMS 0x000000008d900000, 0x000000008d900000| Untracked 
|  70|0x000000008da00000, 0x000000008da00000, 0x000000008db00000|  0%| F|  |TAMS 0x000000008da00000, 0x000000008da00000| Untracked 
|  71|0x000000008db00000, 0x000000008db00000, 0x000000008dc00000|  0%| F|  |TAMS 0x000000008db00000, 0x000000008db00000| Untracked 
|  72|0x000000008dc00000, 0x000000008dc00000, 0x000000008dd00000|  0%| F|  |TAMS 0x000000008dc00000, 0x000000008dc00000| Untracked 
|  73|0x000000008dd00000, 0x000000008dd00000, 0x000000008de00000|  0%| F|  |TAMS 0x000000008dd00000, 0x000000008dd00000| Untracked 
|  74|0x000000008de00000, 0x000000008de00000, 0x000000008df00000|  0%| F|  |TAMS 0x000000008de00000, 0x000000008de00000| Untracked 
|  75|0x000000008df00000, 0x000000008df00000, 0x000000008e000000|  0%| F|  |TAMS 0x000000008df00000, 0x000000008df00000| Untracked 
|  76|0x000000008e000000, 0x000000008e000000, 0x000000008e100000|  0%| F|  |TAMS 0x000000008e000000, 0x000000008e000000| Untracked 
|  77|0x000000008e100000, 0x000000008e100000, 0x000000008e200000|  0%| F|  |TAMS 0x000000008e100000, 0x000000008e100000| Untracked 
|  78|0x000000008e200000, 0x000000008e200000, 0x000000008e300000|  0%| F|  |TAMS 0x000000008e200000, 0x000000008e200000| Untracked 
|  79|0x000000008e300000, 0x000000008e300000, 0x000000008e400000|  0%| F|  |TAMS 0x000000008e300000, 0x000000008e300000| Untracked 
|  80|0x000000008e400000, 0x000000008e400000, 0x000000008e500000|  0%| F|  |TAMS 0x000000008e400000, 0x000000008e400000| Untracked 
|  81|0x000000008e500000, 0x000000008e500000, 0x000000008e600000|  0%| F|  |TAMS 0x000000008e500000, 0x000000008e500000| Untracked 
|  82|0x000000008e600000, 0x000000008e600000, 0x000000008e700000|  0%| F|  |TAMS 0x000000008e600000, 0x000000008e600000| Untracked 
|  83|0x000000008e700000, 0x000000008e700000, 0x000000008e800000|  0%| F|  |TAMS 0x000000008e700000, 0x000000008e700000| Untracked 
|  84|0x000000008e800000, 0x000000008e800000, 0x000000008e900000|  0%| F|  |TAMS 0x000000008e800000, 0x000000008e800000| Untracked 
|  85|0x000000008e900000, 0x000000008e900000, 0x000000008ea00000|  0%| F|  |TAMS 0x000000008e900000, 0x000000008e900000| Untracked 
|  86|0x000000008ea00000, 0x000000008ea00000, 0x000000008eb00000|  0%| F|  |TAMS 0x000000008ea00000, 0x000000008ea00000| Untracked 
|  87|0x000000008eb00000, 0x000000008eb00000, 0x000000008ec00000|  0%| F|  |TAMS 0x000000008eb00000, 0x000000008eb00000| Untracked 
|  88|0x000000008ec00000, 0x000000008ec00000, 0x000000008ed00000|  0%| F|  |TAMS 0x000000008ec00000, 0x000000008ec00000| Untracked 
|  89|0x000000008ed00000, 0x000000008ed00000, 0x000000008ee00000|  0%| F|  |TAMS 0x000000008ed00000, 0x000000008ed00000| Untracked 
|  90|0x000000008ee00000, 0x000000008ee00000, 0x000000008ef00000|  0%| F|  |TAMS 0x000000008ee00000, 0x000000008ee00000| Untracked 
|  91|0x000000008ef00000, 0x000000008ef00000, 0x000000008f000000|  0%| F|  |TAMS 0x000000008ef00000, 0x000000008ef00000| Untracked 
|  92|0x000000008f000000, 0x000000008f000000, 0x000000008f100000|  0%| F|  |TAMS 0x000000008f000000, 0x000000008f000000| Untracked 
|  93|0x000000008f100000, 0x000000008f100000, 0x000000008f200000|  0%| F|  |TAMS 0x000000008f100000, 0x000000008f100000| Untracked 
|  94|0x000000008f200000, 0x000000008f200000, 0x000000008f300000|  0%| F|  |TAMS 0x000000008f200000, 0x000000008f200000| Untracked 
|  95|0x000000008f300000, 0x000000008f300000, 0x000000008f400000|  0%| F|  |TAMS 0x000000008f300000, 0x000000008f300000| Untracked 
|  96|0x000000008f400000, 0x000000008f400000, 0x000000008f500000|  0%| F|  |TAMS 0x000000008f400000, 0x000000008f400000| Untracked 
|  97|0x000000008f500000, 0x000000008f500000, 0x000000008f600000|  0%| F|  |TAMS 0x000000008f500000, 0x000000008f500000| Untracked 
|  98|0x000000008f600000, 0x000000008f600000, 0x000000008f700000|  0%| F|  |TAMS 0x000000008f600000, 0x000000008f600000| Untracked 
|  99|0x000000008f700000, 0x000000008f700000, 0x000000008f800000|  0%| F|  |TAMS 0x000000008f700000, 0x000000008f700000| Untracked 
| 100|0x000000008f800000, 0x000000008f800000, 0x000000008f900000|  0%| F|  |TAMS 0x000000008f800000, 0x000000008f800000| Untracked 
| 101|0x000000008f900000, 0x000000008f900000, 0x000000008fa00000|  0%| F|  |TAMS 0x000000008f900000, 0x000000008f900000| Untracked 
| 102|0x000000008fa00000, 0x000000008fa00000, 0x000000008fb00000|  0%| F|  |TAMS 0x000000008fa00000, 0x000000008fa00000| Untracked 
| 103|0x000000008fb00000, 0x000000008fb00000, 0x000000008fc00000|  0%| F|  |TAMS 0x000000008fb00000, 0x000000008fb00000| Untracked 
| 104|0x000000008fc00000, 0x000000008fc00000, 0x000000008fd00000|  0%| F|  |TAMS 0x000000008fc00000, 0x000000008fc00000| Untracked 
| 105|0x000000008fd00000, 0x000000008fd00000, 0x000000008fe00000|  0%| F|  |TAMS 0x000000008fd00000, 0x000000008fd00000| Untracked 
| 106|0x000000008fe00000, 0x000000008fe00000, 0x000000008ff00000|  0%| F|  |TAMS 0x000000008fe00000, 0x000000008fe00000| Untracked 
| 107|0x000000008ff00000, 0x000000008ff00000, 0x0000000090000000|  0%| F|  |TAMS 0x000000008ff00000, 0x000000008ff00000| Untracked 
| 108|0x0000000090000000, 0x0000000090076458, 0x0000000090100000| 46%| E|  |TAMS 0x0000000090000000, 0x0000000090000000| Complete 
| 109|0x0000000090100000, 0x0000000090200000, 0x0000000090200000|100%| E|CS|TAMS 0x0000000090100000, 0x0000000090100000| Complete 
| 110|0x0000000090200000, 0x0000000090300000, 0x0000000090300000|100%| E|CS|TAMS 0x0000000090200000, 0x0000000090200000| Complete 
| 111|0x0000000090300000, 0x0000000090400000, 0x0000000090400000|100%| E|CS|TAMS 0x0000000090300000, 0x0000000090300000| Complete 
| 112|0x0000000090400000, 0x0000000090500000, 0x0000000090500000|100%| E|CS|TAMS 0x0000000090400000, 0x0000000090400000| Complete 
| 113|0x0000000090500000, 0x0000000090600000, 0x0000000090600000|100%| E|CS|TAMS 0x0000000090500000, 0x0000000090500000| Complete 
| 114|0x0000000090600000, 0x0000000090700000, 0x0000000090700000|100%| E|CS|TAMS 0x0000000090600000, 0x0000000090600000| Complete 
| 115|0x0000000090700000, 0x0000000090800000, 0x0000000090800000|100%| E|CS|TAMS 0x0000000090700000, 0x0000000090700000| Complete 
| 116|0x0000000090800000, 0x0000000090900000, 0x0000000090900000|100%| E|CS|TAMS 0x0000000090800000, 0x0000000090800000| Complete 
| 117|0x0000000090900000, 0x0000000090a00000, 0x0000000090a00000|100%| E|CS|TAMS 0x0000000090900000, 0x0000000090900000| Complete 
| 118|0x0000000090a00000, 0x0000000090b00000, 0x0000000090b00000|100%| E|CS|TAMS 0x0000000090a00000, 0x0000000090a00000| Complete 
| 119|0x0000000090b00000, 0x0000000090c00000, 0x0000000090c00000|100%| E|CS|TAMS 0x0000000090b00000, 0x0000000090b00000| Complete 

Card table byte_map: [0x00000143d07d0000,0x00000143d0b90000] _byte_map_base: 0x00000143d0386000

Marking Bits (Prev, Next): (CMBitMap*) 0x00000143b90cfea0, (CMBitMap*) 0x00000143b90cfee0
 Prev Bits: [0x00000143d0f50000, 0x00000143d2d00000)
 Next Bits: [0x00000143d2d00000, 0x00000143d4ab0000)

Polling page: 0x00000143b8850000

Metaspace:

Usage:
  Non-class:      5.36 MB used.
      Class:    671.29 KB used.
       Both:      6.02 MB used.

Virtual space:
  Non-class space:        8.00 MB reserved,       5.44 MB ( 68%) committed,  1 nodes.
      Class space:        1.00 GB reserved,     768.00 KB ( <1%) committed,  1 nodes.
             Both:        1.01 GB reserved,       6.19 MB ( <1%) committed. 

Chunk freelists:
   Non-Class:  2.39 MB
       Class:  3.25 MB
        Both:  5.64 MB

MaxMetaspaceSize: unlimited
CompressedClassSpaceSize: 1.00 GB
Initial GC threshold: 21.00 MB
Current GC threshold: 21.00 MB
CDS: on
MetaspaceReclaimPolicy: balanced
 - commit_granule_bytes: 65536.
 - commit_granule_words: 8192.
 - virtual_space_node_default_size: 1048576.
 - enlarge_chunks_in_place: 1.
 - new_chunks_are_fully_committed: 0.
 - uncommit_free_chunks: 1.
 - use_allocation_guard: 0.
 - handle_deallocations: 1.


Internal statistics:

num_allocs_failed_limit: 0.
num_arena_births: 104.
num_arena_deaths: 0.
num_vsnodes_births: 2.
num_vsnodes_deaths: 0.
num_space_committed: 99.
num_space_uncommitted: 0.
num_chunks_returned_to_freelist: 0.
num_chunks_taken_from_freelist: 142.
num_chunk_merges: 0.
num_chunk_splits: 77.
num_chunks_enlarged: 20.
num_purges: 0.
num_inconsistent_stats: 0.

CodeHeap 'non-profiled nmethods': size=119168Kb used=202Kb max_used=202Kb free=118965Kb
 bounds [0x00000143c8710000, 0x00000143c8980000, 0x00000143cfb70000]
CodeHeap 'profiled nmethods': size=119104Kb used=1504Kb max_used=1504Kb free=117599Kb
 bounds [0x00000143c12c0000, 0x00000143c1530000, 0x00000143c8710000]
CodeHeap 'non-nmethods': size=7488Kb used=2374Kb max_used=2374Kb free=5113Kb
 bounds [0x00000143c0b70000, 0x00000143c0de0000, 0x00000143c12c0000]
 total_blobs=1360 nmethods=790 adapters=481
 compilation: enabled
              stopped_count=0, restarted_count=0
 full_count=0

Compilation events (20 events):
Event: 0.676 Thread 0x00000143b6e8bfe0  766       3       java.lang.Integer::hashCode (2 bytes)
Event: 0.676 Thread 0x00000143b6e8bfe0 nmethod 766 0x00000143c142a390 code [0x00000143c142a520, 0x00000143c142a618]
Event: 0.689 Thread 0x00000143d8fe16a0  768       3       sun.invoke.util.VerifyAccess::isMemberAccessible (338 bytes)
Event: 0.689 Thread 0x00000143d7af3040  770       3       jdk.internal.org.objectweb.asm.Type::getTypeInternal (199 bytes)
Event: 0.690 Thread 0x00000143d7af3040 nmethod 770 0x00000143c142a690 code [0x00000143c142a940, 0x00000143c142b808]
Event: 0.690 Thread 0x00000143d8fe16a0 nmethod 768 0x00000143c142bc10 code [0x00000143c142bfa0, 0x00000143c142d348]
Event: 0.698 Thread 0x00000143d8fe16a0  771       3       java.lang.invoke.InnerClassLambdaMetafactory::getOpcodeOffset (38 bytes)
Event: 0.698 Thread 0x00000143d8fe16a0 nmethod 771 0x00000143c142d890 code [0x00000143c142da60, 0x00000143c142dd38]
Event: 0.698 Thread 0x00000143d8fe16a0  772       3       jdk.internal.org.objectweb.asm.MethodWriter::visitFieldInsn (258 bytes)
Event: 0.698 Thread 0x00000143b6e8bfe0  773       3       jdk.internal.org.objectweb.asm.SymbolTable::addConstantFieldref (10 bytes)
Event: 0.698 Thread 0x00000143b6e8bfe0 nmethod 773 0x00000143c142de10 code [0x00000143c142dfa0, 0x00000143c142e0e8]
Event: 0.699 Thread 0x00000143d8fe16a0 nmethod 772 0x00000143c142e190 code [0x00000143c142e400, 0x00000143c142ef68]
Event: 0.715 Thread 0x00000143b6e8bfe0  774       1       sun.java2d.loops.SurfaceType::getUniqueID (5 bytes)
Event: 0.715 Thread 0x00000143d8fe16a0  775       1       sun.java2d.loops.CompositeType::getUniqueID (5 bytes)
Event: 0.716 Thread 0x00000143b6e8bfe0 nmethod 774 0x00000143c8741e10 code [0x00000143c8741fa0, 0x00000143c8742078]
Event: 0.716 Thread 0x00000143d8fe16a0 nmethod 775 0x00000143c8742110 code [0x00000143c87422a0, 0x00000143c8742378]
Event: 0.716 Thread 0x00000143d8fe16a0  776  s    3       sun.java2d.loops.GraphicsPrimitive::makeUniqueID (26 bytes)
Event: 0.716 Thread 0x00000143d7af3040  777       3       sun.java2d.loops.GraphicsPrimitive::<init> (75 bytes)
Event: 0.716 Thread 0x00000143d8fe16a0 nmethod 776 0x00000143c142f390 code [0x00000143c142f540, 0x00000143c142f758]
Event: 0.716 Thread 0x00000143d7af3040 nmethod 777 0x00000143c142f890 code [0x00000143c142fa60, 0x00000143c142fff8]

GC Heap History (0 events):
No events

Deoptimization events (20 events):
Event: 0.639 Thread 0x00000143d8fb6e60 DEOPT PACKING pc=0x00000143c13da46d sp=0x00000028c39feb80
Event: 0.639 Thread 0x00000143d8fb6e60 DEOPT UNPACKING pc=0x00000143c0bc2b43 sp=0x00000028c39fdff0 mode 0
Event: 0.639 Thread 0x00000143d8fb6e60 DEOPT PACKING pc=0x00000143c13da46d sp=0x00000028c39feb80
Event: 0.639 Thread 0x00000143d8fb6e60 DEOPT UNPACKING pc=0x00000143c0bc2b43 sp=0x00000028c39fdff0 mode 0
Event: 0.639 Thread 0x00000143d8fb6e60 DEOPT PACKING pc=0x00000143c13da46d sp=0x00000028c39feb80
Event: 0.639 Thread 0x00000143d8fb6e60 DEOPT UNPACKING pc=0x00000143c0bc2b43 sp=0x00000028c39fdff0 mode 0
Event: 0.639 Thread 0x00000143d8fb6e60 DEOPT PACKING pc=0x00000143c13da46d sp=0x00000028c39feb80
Event: 0.639 Thread 0x00000143d8fb6e60 DEOPT UNPACKING pc=0x00000143c0bc2b43 sp=0x00000028c39fdff0 mode 0
Event: 0.640 Thread 0x00000143d8fb6e60 DEOPT PACKING pc=0x00000143c13da46d sp=0x00000028c39feb80
Event: 0.640 Thread 0x00000143d8fb6e60 DEOPT UNPACKING pc=0x00000143c0bc2b43 sp=0x00000028c39fdff0 mode 0
Event: 0.640 Thread 0x00000143d8fb6e60 DEOPT PACKING pc=0x00000143c13da2de sp=0x00000028c39feb80
Event: 0.640 Thread 0x00000143d8fb6e60 DEOPT UNPACKING pc=0x00000143c0bc2b43 sp=0x00000028c39fdff0 mode 0
Event: 0.640 Thread 0x00000143d8fb6e60 DEOPT PACKING pc=0x00000143c13da46d sp=0x00000028c39feb80
Event: 0.640 Thread 0x00000143d8fb6e60 DEOPT UNPACKING pc=0x00000143c0bc2b43 sp=0x00000028c39fdff0 mode 0
Event: 0.640 Thread 0x00000143d8fb6e60 DEOPT PACKING pc=0x00000143c13da46d sp=0x00000028c39feb80
Event: 0.640 Thread 0x00000143d8fb6e60 DEOPT UNPACKING pc=0x00000143c0bc2b43 sp=0x00000028c39fdff0 mode 0
Event: 0.640 Thread 0x00000143d8fb6e60 DEOPT PACKING pc=0x00000143c13da46d sp=0x00000028c39feb80
Event: 0.640 Thread 0x00000143d8fb6e60 DEOPT UNPACKING pc=0x00000143c0bc2b43 sp=0x00000028c39fdff0 mode 0
Event: 0.640 Thread 0x00000143d8fb6e60 DEOPT PACKING pc=0x00000143c13da46d sp=0x00000028c39feb80
Event: 0.640 Thread 0x00000143d8fb6e60 DEOPT UNPACKING pc=0x00000143c0bc2b43 sp=0x00000028c39fdff0 mode 0

Classes unloaded (0 events):
No events

Classes redefined (0 events):
No events

Internal exceptions (13 events):
Event: 0.135 Thread 0x00000143b9079ff0 Exception <a 'java/lang/ClassNotFoundException'{0x0000000090af0360}: sun/awt/resources/spi/awtProvider> (0x0000000090af0360) 
thrown [c:\wsjdk\corretto17src\installers\windows\zip\corretto-build\buildroot\src\hotspot\share\classfile\systemDictionary.cpp, line 256]
Event: 0.166 Thread 0x00000143b9079ff0 Exception <a 'java/io/FileNotFoundException'{0x0000000090949360}> (0x0000000090949360) 
thrown [c:\wsjdk\corretto17src\installers\windows\zip\corretto-build\buildroot\src\hotspot\share\prims\jni.cpp, line 516]
Event: 0.174 Thread 0x00000143b9079ff0 Exception <a 'java/io/FileNotFoundException'{0x00000000909764d0}> (0x00000000909764d0) 
thrown [c:\wsjdk\corretto17src\installers\windows\zip\corretto-build\buildroot\src\hotspot\share\prims\jni.cpp, line 516]
Event: 0.226 Thread 0x00000143b9079ff0 Exception <a 'java/lang/NoSuchMethodError'{0x00000000909c02d0}: 'java.lang.Object java.lang.invoke.DirectMethodHandle$Holder.invokeStaticInit(java.lang.Object)'> (0x00000000909c02d0) 
thrown [c:\wsjdk\corretto17src\installers\windows\zip\corretto-build\buildroot\src\hotspot\share\interpreter\linkResolver.cpp, line 766]
Event: 0.364 Thread 0x00000143b9079ff0 Exception <a 'java/lang/NoSuchMethodError'{0x000000009081f4c0}: 'void java.lang.invoke.DirectMethodHandle$Holder.invokeSpecial(java.lang.Object, java.lang.Object, java.lang.Object)'> (0x000000009081f4c0) 
thrown [c:\wsjdk\corretto17src\installers\windows\zip\corretto-build\buildroot\src\hotspot\share\interpreter\linkResolver.cpp, line 766]
Event: 0.374 Thread 0x00000143b9079ff0 Exception <a 'java/lang/NoSuchMethodError'{0x00000000908496f0}: 'java.lang.Object java.lang.invoke.DirectMethodHandle$Holder.newInvokeSpecial(java.lang.Object, java.lang.Object, java.lang.Object, java.lang.Object, java.lang.Object)'> (0x00000000908496f0) 
thrown [c:\wsjdk\corretto17src\installers\windows\zip\corretto-build\buildroot\src\hotspot\share\interpreter\linkResolver.cpp, line 766]
Event: 0.376 Thread 0x00000143b9079ff0 Exception <a 'java/lang/NoSuchMethodError'{0x00000000908550b8}: 'java.lang.Object java.lang.invoke.DirectMethodHandle$Holder.invokeStatic(java.lang.Object, int, java.lang.Object, java.lang.Object, java.lang.Object, java.lang.Object)'> (0x00000000908550b8) 
thrown [c:\wsjdk\corretto17src\installers\windows\zip\corretto-build\buildroot\src\hotspot\share\interpreter\linkResolver.cpp, line 766]
Event: 0.382 Thread 0x00000143b9079ff0 Exception <a 'java/lang/NoSuchMethodError'{0x000000009087abb0}: 'java.lang.Object java.lang.invoke.DirectMethodHandle$Holder.invokeStatic(java.lang.Object, int, java.lang.Object)'> (0x000000009087abb0) 
thrown [c:\wsjdk\corretto17src\installers\windows\zip\corretto-build\buildroot\src\hotspot\share\interpreter\linkResolver.cpp, line 766]
Event: 0.411 Thread 0x00000143b9079ff0 Exception <a 'java/lang/ClassNotFoundException'{0x0000000090732e18}: com/sun/swing/internal/plaf/metal/resources/spi/metalProvider> (0x0000000090732e18) 
thrown [c:\wsjdk\corretto17src\installers\windows\zip\corretto-build\buildroot\src\hotspot\share\classfile\systemDictionary.cpp, line 256]
Event: 0.412 Thread 0x00000143b9079ff0 Exception <a 'java/lang/ClassNotFoundException'{0x0000000090736ca0}: com/sun/swing/internal/plaf/basic/resources/spi/basicProvider> (0x0000000090736ca0) 
thrown [c:\wsjdk\corretto17src\installers\windows\zip\corretto-build\buildroot\src\hotspot\share\classfile\systemDictionary.cpp, line 256]
Event: 0.482 Thread 0x00000143d8fb6e60 Exception <a 'java/lang/NoSuchMethodError'{0x000000009050fb50}: 'java.lang.Object java.lang.invoke.DirectMethodHandle$Holder.newInvokeSpecial(java.lang.Object, java.lang.Object, java.lang.Object, int, int, int, int, int)'> (0x000000009050fb50) 
thrown [c:\wsjdk\corretto17src\installers\windows\zip\corretto-build\buildroot\src\hotspot\share\interpreter\linkResolver.cpp, line 766]
Event: 0.689 Thread 0x00000143d8836f90 Exception <a 'java/lang/NoSuchMethodError'{0x00000000909fc170}: 'void java.lang.invoke.DirectMethodHandle$Holder.invokeVirtual(java.lang.Object, java.lang.Object)'> (0x00000000909fc170) 
thrown [c:\wsjdk\corretto17src\installers\windows\zip\corretto-build\buildroot\src\hotspot\share\interpreter\linkResolver.cpp, line 766]
Event: 0.726 Thread 0x00000143b9079ff0 Exception <a 'java/lang/NoSuchMethodError'{0x0000000090019f80}: 'void java.lang.invoke.DirectMethodHandle$Holder.invokeStaticInit(java.lang.Object)'> (0x0000000090019f80) 
thrown [c:\wsjdk\corretto17src\installers\windows\zip\corretto-build\buildroot\src\hotspot\share\interpreter\linkResolver.cpp, line 766]

VM Operations (6 events):
Event: 0.411 Executing VM operation: HandshakeAllThreads
Event: 0.411 Executing VM operation: HandshakeAllThreads done
Event: 0.566 Executing VM operation: HandshakeAllThreads
Event: 0.566 Executing VM operation: HandshakeAllThreads done
Event: 0.650 Executing VM operation: HandshakeAllThreads
Event: 0.650 Executing VM operation: HandshakeAllThreads done

Events (20 events):
Event: 0.723 loading class sun/java2d/SurfaceDataProxy
Event: 0.724 loading class sun/awt/image/SurfaceManager$FlushableCacheData
Event: 0.724 loading class sun/awt/image/SurfaceManager$FlushableCacheData done
Event: 0.724 loading class sun/java2d/SurfaceDataProxy done
Event: 0.724 loading class sun/java2d/SurfaceDataProxy$1
Event: 0.724 loading class sun/java2d/SurfaceDataProxy$1 done
Event: 0.724 loading class sun/java2d/StateTracker
Event: 0.724 loading class sun/java2d/StateTracker done
Event: 0.724 loading class sun/java2d/StateTracker$1
Event: 0.724 loading class sun/java2d/StateTracker$1 done
Event: 0.724 loading class sun/java2d/StateTracker$2
Event: 0.724 loading class sun/java2d/StateTracker$2 done
Event: 0.724 loading class sun/java2d/StateTrackableDelegate$1
Event: 0.724 loading class sun/java2d/StateTrackableDelegate$1 done
Event: 0.725 loading class sun/awt/event/IgnorePaintEvent
Event: 0.725 loading class sun/awt/event/IgnorePaintEvent done
Event: 0.725 loading class java/awt/SystemColor
Event: 0.726 loading class java/awt/SystemColor done
Event: 0.726 loading class sun/awt/AWTAccessor$SystemColorAccessor
Event: 0.726 loading class sun/awt/AWTAccessor$SystemColorAccessor done


Dynamic libraries:
0x00007ff7c14a0000 - 0x00007ff7c14ad000 	C:\Program Files\Amazon Corretto\jdk17.0.3_6\bin\javaw.exe
0x00007ffb1d8b0000 - 0x00007ffb1dac4000 	C:\WINDOWS\SYSTEM32\ntdll.dll
0x00007ffb1ced0000 - 0x00007ffb1cf92000 	C:\WINDOWS\System32\KERNEL32.DLL
0x00007ffb1af80000 - 0x00007ffb1b31d000 	C:\WINDOWS\System32\KERNELBASE.dll
0x00007ffb1adf0000 - 0x00007ffb1af01000 	C:\WINDOWS\System32\ucrtbase.dll
0x00007ffb0fb60000 - 0x00007ffb0fb75000 	C:\Program Files\Amazon Corretto\jdk17.0.3_6\bin\VCRUNTIME140.dll
0x00007ffb0c2d0000 - 0x00007ffb0c2e8000 	C:\Program Files\Amazon Corretto\jdk17.0.3_6\bin\jli.dll
0x00007ffb1d6c0000 - 0x00007ffb1d86d000 	C:\WINDOWS\System32\USER32.dll
0x00007ffb1b460000 - 0x00007ffb1b486000 	C:\WINDOWS\System32\win32u.dll
0x00007ffb1bab0000 - 0x00007ffb1bad9000 	C:\WINDOWS\System32\GDI32.dll
0x00007ffb1acd0000 - 0x00007ffb1ade2000 	C:\WINDOWS\System32\gdi32full.dll
0x00007ffb1b600000 - 0x00007ffb1b69a000 	C:\WINDOWS\System32\msvcp_win.dll
0x00007ffb11ff0000 - 0x00007ffb1227e000 	C:\WINDOWS\WinSxS\amd64_microsoft.windows.common-controls_6595b64144ccf1df_6.0.22621.608_none_a9444ca7c10bb01d\COMCTL32.dll
0x00007ffb1c2f0000 - 0x00007ffb1c397000 	C:\WINDOWS\System32\msvcrt.dll
0x00007ffb1c2b0000 - 0x00007ffb1c2e2000 	C:\WINDOWS\System32\IMM32.DLL
0x00007ffafd390000 - 0x00007ffafd42b000 	C:\Program Files\Amazon Corretto\jdk17.0.3_6\bin\msvcp140.dll
0x00007ffa79930000 - 0x00007ffa7a54b000 	C:\Program Files\Amazon Corretto\jdk17.0.3_6\bin\server\jvm.dll
0x00007ffb1d600000 - 0x00007ffb1d6ae000 	C:\WINDOWS\System32\ADVAPI32.dll
0x00007ffb1c480000 - 0x00007ffb1c524000 	C:\WINDOWS\System32\sechost.dll
0x00007ffb1c5c0000 - 0x00007ffb1c6d5000 	C:\WINDOWS\System32\RPCRT4.dll
0x00007ffb1d1a0000 - 0x00007ffb1d1a8000 	C:\WINDOWS\System32\PSAPI.DLL
0x00007ffb0d730000 - 0x00007ffb0d739000 	C:\WINDOWS\SYSTEM32\WSOCK32.dll
0x00007ffb14450000 - 0x00007ffb1445a000 	C:\WINDOWS\SYSTEM32\VERSION.dll
0x00007ffb1c530000 - 0x00007ffb1c5a1000 	C:\WINDOWS\System32\WS2_32.dll
0x00007ffb01fb0000 - 0x00007ffb01fe4000 	C:\WINDOWS\SYSTEM32\WINMM.dll
0x00007ffb19d30000 - 0x00007ffb19d48000 	C:\WINDOWS\SYSTEM32\kernel.appcore.dll
0x00007ffaee2a0000 - 0x00007ffaee2aa000 	C:\Program Files\Amazon Corretto\jdk17.0.3_6\bin\jimage.dll
0x00007ffb13240000 - 0x00007ffb1346e000 	C:\WINDOWS\SYSTEM32\DBGHELP.DLL
0x00007ffb1b720000 - 0x00007ffb1baaa000 	C:\WINDOWS\System32\combase.dll
0x00007ffb1c3a0000 - 0x00007ffb1c477000 	C:\WINDOWS\System32\OLEAUT32.dll
0x00007ffb10640000 - 0x00007ffb10672000 	C:\WINDOWS\SYSTEM32\dbgcore.DLL
0x00007ffb1b320000 - 0x00007ffb1b39b000 	C:\WINDOWS\System32\bcryptPrimitives.dll
0x00007ffad09a0000 - 0x00007ffad09c5000 	C:\Program Files\Amazon Corretto\jdk17.0.3_6\bin\java.dll
0x00007ffac9ef0000 - 0x00007ffac9fc6000 	C:\Program Files\Amazon Corretto\jdk17.0.3_6\bin\jsvml.dll
0x00007ffb1c6e0000 - 0x00007ffb1cecf000 	C:\WINDOWS\System32\SHELL32.dll
0x00007ffb18d00000 - 0x00007ffb195c8000 	C:\WINDOWS\SYSTEM32\windows.storage.dll
0x00007ffb18bc0000 - 0x00007ffb18cfe000 	C:\WINDOWS\SYSTEM32\wintypes.dll
0x00007ffb1d0a0000 - 0x00007ffb1d191000 	C:\WINDOWS\System32\SHCORE.dll
0x00007ffb1d5a0000 - 0x00007ffb1d5fe000 	C:\WINDOWS\System32\shlwapi.dll
0x00007ffb1ac00000 - 0x00007ffb1ac21000 	C:\WINDOWS\SYSTEM32\profapi.dll
0x00007ffae9720000 - 0x00007ffae9739000 	C:\Program Files\Amazon Corretto\jdk17.0.3_6\bin\net.dll
0x00007ffb15550000 - 0x00007ffb1567f000 	C:\WINDOWS\SYSTEM32\WINHTTP.dll
0x00007ffb1a190000 - 0x00007ffb1a1f9000 	C:\WINDOWS\system32\mswsock.dll
0x00007ffae96e0000 - 0x00007ffae96f5000 	C:\Program Files\Amazon Corretto\jdk17.0.3_6\bin\nio.dll
0x00007ffad0840000 - 0x00007ffad0858000 	C:\Program Files\Amazon Corretto\jdk17.0.3_6\bin\zip.dll
0x00007ffae5000000 - 0x00007ffae51a7000 	C:\Program Files\Amazon Corretto\jdk17.0.3_6\bin\awt.dll
0x00007ffb181a0000 - 0x00007ffb18237000 	C:\WINDOWS\SYSTEM32\apphelp.dll
0x00007ffb185a0000 - 0x00007ffb185cb000 	C:\WINDOWS\system32\DWMAPI.DLL
0x00007ffb18280000 - 0x00007ffb1832b000 	C:\WINDOWS\system32\uxtheme.dll
0x00007ffa916a0000 - 0x00007ffa917a0000 	C:\WINDOWS\system32\opengl32.dll
0x00007ffaac690000 - 0x00007ffaac6bd000 	C:\WINDOWS\SYSTEM32\GLU32.dll
0x00007ffb18360000 - 0x00007ffb18396000 	C:\WINDOWS\SYSTEM32\dxcore.dll
0x00007ffb1d290000 - 0x00007ffb1d3ae000 	C:\WINDOWS\System32\MSCTF.dll
0x00007ffb1d400000 - 0x00007ffb1d59c000 	C:\WINDOWS\System32\ole32.dll
0x00007ffb018f0000 - 0x00007ffb01a99000 	C:\WINDOWS\system32\d3d9.dll
0x00007ffafc860000 - 0x00007ffafca18000 	C:\Windows\System32\DriverStore\FileRepository\u0370461.inf_amd64_d649da5dc91a9454\B370372\aticfx64.dll
0x00007ffa8c790000 - 0x00007ffa8c7c4000 	C:\Windows\System32\DriverStore\FileRepository\u0370461.inf_amd64_d649da5dc91a9454\B370372\atiu9p64.dll
0x00007ffa8ba30000 - 0x00007ffa8c784000 	C:\Windows\System32\DriverStore\FileRepository\u0370461.inf_amd64_d649da5dc91a9454\B370372\atiumd64.dll
0x0000000054b50000 - 0x00000000559c4000 	C:\WINDOWS\System32\DriverStore\FileRepository\u0370461.inf_amd64_d649da5dc91a9454\B370372\atiumd6a.dll
0x00007ffb1be30000 - 0x00007ffb1c2aa000 	C:\WINDOWS\System32\SETUPAPI.dll
0x00007ffb1a9f0000 - 0x00007ffb1aa3d000 	C:\WINDOWS\SYSTEM32\POWRPROF.dll
0x00007ffb1a9d0000 - 0x00007ffb1a9e3000 	C:\WINDOWS\SYSTEM32\UMPDC.dll
0x00007ffaf9eb0000 - 0x00007ffaf9ee0000 	C:\WINDOWS\SYSTEM32\amdihk64.dll
0x00007ffb123e0000 - 0x00007ffb12429000 	C:\WINDOWS\SYSTEM32\directxdatabasehelper.dll
0x00007ffafd280000 - 0x00007ffafd306000 	C:\Program Files\Amazon Corretto\jdk17.0.3_6\bin\freetype.dll
0x00007ffaea0a0000 - 0x00007ffaea145000 	C:\Program Files\Amazon Corretto\jdk17.0.3_6\bin\fontmanager.dll

dbghelp: loaded successfully - version: 4.0.5 - missing functions: none
symbol engine: initialized successfully - sym options: 0x614 - pdb path: .;C:\Program Files\Amazon Corretto\jdk17.0.3_6\bin;C:\WINDOWS\SYSTEM32;C:\WINDOWS\WinSxS\amd64_microsoft.windows.common-controls_6595b64144ccf1df_6.0.22621.608_none_a9444ca7c10bb01d;C:\Program Files\Amazon Corretto\jdk17.0.3_6\bin\server;C:\Windows\System32\DriverStore\FileRepository\u0370461.inf_amd64_d649da5dc91a9454\B370372

VM Arguments:
jvm_args: -Dfile.encoding=UTF-8 -XX:+ShowCodeDetailsInExceptionMessages 
java_command: atmSimulatorSystem.Signup3
java_class_path (initial): C:\programming_language\JAVA Project\BankManagementSystem\bin;C:\programming_language\JAVA Project\BankManagementSystem\lib\jcalendar-tz-1.3.3-4.jar;C:\programming_language\JAVA Project\BankManagementSystem\lib\mysql-connector-j-8.0.31.jar
Launcher Type: SUN_STANDARD

[Global flags]
     intx CICompilerCount                          = 12                                        {product} {ergonomic}
     uint ConcGCThreads                            = 3                                         {product} {ergonomic}
     uint G1ConcRefinementThreads                  = 13                                        {product} {ergonomic}
   size_t G1HeapRegionSize                         = 1048576                                   {product} {ergonomic}
    uintx GCDrainStackTargetSize                   = 64                                        {product} {ergonomic}
   size_t InitialHeapSize                          = 125829120                                 {product} {ergonomic}
   size_t MarkStackSize                            = 4194304                                   {product} {ergonomic}
   size_t MaxHeapSize                              = 1992294400                                {product} {ergonomic}
   size_t MaxNewSize                               = 1195376640                                {product} {ergonomic}
   size_t MinHeapDeltaBytes                        = 1048576                                   {product} {ergonomic}
   size_t MinHeapSize                              = 8388608                                   {product} {ergonomic}
    uintx NonNMethodCodeHeapSize                   = 7602480                                {pd product} {ergonomic}
    uintx NonProfiledCodeHeapSize                  = 122027880                              {pd product} {ergonomic}
    uintx ProfiledCodeHeapSize                     = 122027880                              {pd product} {ergonomic}
    uintx ReservedCodeCacheSize                    = 251658240                              {pd product} {ergonomic}
     bool SegmentedCodeCache                       = true                                      {product} {ergonomic}
     bool ShowCodeDetailsInExceptionMessages       = true                                   {manageable} {command line}
   size_t SoftMaxHeapSize                          = 1992294400                             {manageable} {ergonomic}
     bool UseCompressedClassPointers               = true                           {product lp64_product} {ergonomic}
     bool UseCompressedOops                        = true                           {product lp64_product} {ergonomic}
     bool UseG1GC                                  = true                                      {product} {ergonomic}
     bool UseLargePagesIndividualAllocation        = false                                  {pd product} {ergonomic}

Logging:
Log output configuration:
 #0: stdout all=warning uptime,level,tags
 #1: stderr all=off uptime,level,tags

Environment Variables:
JAVA_HOME=C:\Program Files\Amazon Corretto\jdk17.0.3_6
PATH=C:/Program Files/Amazon Corretto/jdk17.0.3_6/bin/server;C:/Program Files/Amazon Corretto/jdk17.0.3_6/bin;C:\Program Files (x86)\VMware\VMware Workstation\bin\;C:\python310\Scripts\;C:\python310\;C:\MinGW\bin;C:\Program Files\Amazon Corretto\jdk17.0.3_6\bin;C:\python310\python.exe;C:\Windows\system32;C:\Windows;C:\Windows\System32\Wbem;C:\Windows\System32\WindowsPowerShell\v1.0\;C:\Windows\System32\OpenSSH\;C:\Program Files (x86)\NVIDIA Corporation\PhysX\Common;C:\Program Files\NVIDIA Corporation\NVIDIA NvDLISR;C:\Program Files (x86)\JAVA\jdk-18_windows-x64_bin\jdk-18.0.1.1\bin;C:\Program Files (x86)\JAVA\jdk-17.0.3.1\bin;C:\programming_language\sumer course\software\;C:\ProgramData\chocolatey\bin;C:\Program Files\Git\cmd;C:\WINDOWS\system32;C:\WINDOWS;C:\WINDOWS\System32\Wbem;C:\WINDOWS\System32\WindowsPowerShell\v1.0\;C:\WINDOWS\System32\OpenSSH\;C:\Program Files\Cloudflare\Cloudflare WARP\;C:\Program Files\Go\bin;C:\Program Files\GitHub CLI\;C:\Program Files\MySQL\MySQL Shell 8.0\bin\;C:\Users\Shiva Srivastava\AppData\Local\Microsoft\WindowsApps;C:\Program Files\JetBrains\PyCharm Community Edition 2022.1\bin;;C:\MinGW\bin;C:\programming_language\sumer course\software\IntelliJ IDEA Community Edition 2022.1.3\bin;;C:\Users\Shiva Srivastava\AppData\Local\Programs\Microsoft VS Code\bin;C:\Users\Shiva Srivastava\AppData\Roaming\npm;C:\Users\Shiva Srivastava\AppData\Local\GitHubDesktop\bin;;C:\Program Files\JetBrains\IntelliJ IDEA 2022.2.3\bin;;C:\Program Files\JetBrains\PyCharm 2022.2.3\bin;;C:\Users\Shiva Srivastava\go\bin;C:\Users\Shiva Srivastava\Desktop;
USERNAME=Shiva Srivastava
OS=Windows_NT
PROCESSOR_IDENTIFIER=AMD64 Family 23 Model 96 Stepping 1, AuthenticAMD



---------------  S Y S T E M  ---------------

OS:
 Windows 11 , 64 bit Build 22621 (10.0.22621.900)
OS uptime: 0 days 6:47 hours

CPU: total 16 (initial active 16) (16 cores per cpu, 2 threads per core) family 23 model 96 stepping 1 microcode 0x0, cx8, cmov, fxsr, ht, mmx, 3dnowpref, sse, sse2, sse3, ssse3, sse4a, sse4.1, sse4.2, popcnt, lzcnt, tsc, tscinvbit, avx, avx2, aes, clmul, bmi1, bmi2, adx, sha, fma, vzeroupper, clflush, clflushopt

Memory: 4k page, system-wide physical 7598M (346M free)
TotalPageFile size 31150M (AvailPageFile size 4M)
current process WorkingSet (physical memory assigned to process): 76M, peak: 76M
current process commit charge ("private bytes"): 243M, peak: 243M

vm_info: OpenJDK 64-Bit Server VM (17.0.3+6-LTS) for windows-amd64 JRE (17.0.3+6-LTS), built on Apr 15 2022 22:16:02 by "Administrator" with MS VC++ 15.9 (VS2017)

END.
