#
# There is insufficient memory for the Java Runtime Environment to continue.
# Native memory allocation (mmap) failed to map 125829120 bytes for G1 virtual space
# Possible reasons:
#   The system is out of physical RAM or swap space
#   The process is running with CompressedOops enabled, and the Java Heap may be blocking the growth of the native heap
# Possible solutions:
#   Reduce memory load on the system
#   Increase physical memory or swap space
#   Check if swap backing store is full
#   Decrease Java heap size (-Xmx/-Xms)
#   Decrease number of Java threads
#   Decrease Java thread stack sizes (-Xss)
#   Set larger code cache with -XX:ReservedCodeCacheSize=
#   JVM is running with Unscaled Compressed Oops mode in which the Java heap is
#     placed in the first 4GB address space. The Java Heap base address is the
#     maximum limit for the native heap growth. Please use -XX:HeapBaseMinAddress
#     to set the Java Heap base and to place the Java Heap above 4GB virtual address.
# This output file may be truncated or incomplete.
#
#  Out of Memory Error (os_windows.cpp:3535), pid=4492, tid=18692
#
# JRE version:  (17.0.3+6) (build )
# Java VM: OpenJDK 64-Bit Server VM (17.0.3+6-LTS, mixed mode, sharing, tiered, compressed oops, compressed class ptrs, g1 gc, windows-amd64)
# No core dump will be written. Minidumps are not enabled by default on client versions of Windows
#

---------------  S U M M A R Y ------------

Command Line: -Dfile.encoding=UTF-8 -XX:+ShowCodeDetailsInExceptionMessages atmSimulatorSystem.Transactions

Host: AMD Ryzen 7 4800H with Radeon Graphics         , 16 cores, 7G,  Windows 11 , 64 bit Build 22621 (10.0.22621.900)
Time: Thu Dec  1 22:17:56 2022 India Standard Time elapsed time: 0.027131 seconds (0d 0h 0m 0s)

---------------  T H R E A D  ---------------

Current thread (0x0000026a093b7280):  JavaThread "Unknown thread" [_thread_in_vm, id=18692, stack(0x000000ca01100000,0x000000ca01200000)]

Stack: [0x000000ca01100000,0x000000ca01200000]
Native frames: (J=compiled Java code, j=interpreted, Vv=VM code, C=native code)
V  [jvm.dll+0x645e5a]
V  [jvm.dll+0x7f6fc4]
V  [jvm.dll+0x7f877e]
V  [jvm.dll+0x7f8dd3]
V  [jvm.dll+0x234bb8]
V  [jvm.dll+0x642d9a]
V  [jvm.dll+0x637762]
V  [jvm.dll+0x2f2d09]
V  [jvm.dll+0x2f9ee6]
V  [jvm.dll+0x3459ea]
V  [jvm.dll+0x345c2f]
V  [jvm.dll+0x2c91a8]
V  [jvm.dll+0x2ca139]
V  [jvm.dll+0x7ca6e1]
V  [jvm.dll+0x352e01]
V  [jvm.dll+0x7aab0e]
V  [jvm.dll+0x3ce743]
V  [jvm.dll+0x3d0181]
C  [jli.dll+0x51af]
C  [ucrtbase.dll+0x29363]
C  [KERNEL32.DLL+0x1247d]
C  [ntdll.dll+0x5dfb8]


---------------  P R O C E S S  ---------------

Threads class SMR info:
_java_thread_list=0x00007ffa7a41d718, length=0, elements={
}

Java Threads: ( => current thread )

Other Threads:
  0x0000026a09410240 GCTaskThread "GC Thread#0" [stack: 0x000000ca01200000,0x000000ca01300000] [id=1152]
  0x0000026a0943cba0 ConcurrentGCThread "G1 Main Marker" [stack: 0x000000ca01300000,0x000000ca01400000] [id=30732]
  0x0000026a0943f4d0 ConcurrentGCThread "G1 Conc#0" [stack: 0x000000ca01400000,0x000000ca01500000] [id=27452]

[error occurred during error reporting (printing all threads), id 0xc0000005, EXCEPTION_ACCESS_VIOLATION (0xc0000005) at pc=0x00007ffa79c0a397]

VM state: not at safepoint (not fully initialized)

VM Mutex/Monitor currently owned by a thread:  ([mutex/lock_event])
[0x0000026a093b4d20] Heap_lock - owner thread: 0x0000026a093b7280

Heap address: 0x0000000089400000, size: 1900 MB, Compressed Oops mode: 32-bit

CDS archive(s) mapped at: [0x0000000000000000-0x0000000000000000-0x0000000000000000), size 0, SharedBaseAddress: 0x0000000800000000, ArchiveRelocationMode: 0.
Narrow klass base: 0x0000000000000000, Narrow klass shift: 0, Narrow klass range: 0x0

GC Precious Log:
<Empty>

Heap:
 garbage-first heap   total 0K, used 0K [0x0000000089400000, 0x0000000100000000)
  region size 1024K, 0 young (0K), 0 survivors (0K)

[error occurred during error reporting (printing heap information), id 0xc0000005, EXCEPTION_ACCESS_VIOLATION (0xc0000005) at pc=0x00007ffa79fcd929]

GC Heap History (0 events):
No events

Deoptimization events (0 events):
No events

Classes unloaded (0 events):
No events

Classes redefined (0 events):
No events

Internal exceptions (0 events):
No events

VM Operations (0 events):
No events

Events (1 events):
Event: 0.017 Loaded shared library C:\Program Files\Amazon Corretto\jdk17.0.3_6\bin\java.dll


Dynamic libraries:
0x00007ff7c14a0000 - 0x00007ff7c14ad000 	C:\Program Files\Amazon Corretto\jdk17.0.3_6\bin\javaw.exe
0x00007ffb1d8b0000 - 0x00007ffb1dac4000 	C:\WINDOWS\SYSTEM32\ntdll.dll
0x00007ffb1ced0000 - 0x00007ffb1cf92000 	C:\WINDOWS\System32\KERNEL32.DLL
0x00007ffb1af80000 - 0x00007ffb1b31d000 	C:\WINDOWS\System32\KERNELBASE.dll
0x00007ffb1adf0000 - 0x00007ffb1af01000 	C:\WINDOWS\System32\ucrtbase.dll
0x00007ffb0fb60000 - 0x00007ffb0fb75000 	C:\Program Files\Amazon Corretto\jdk17.0.3_6\bin\VCRUNTIME140.dll
0x00007ffb0c2d0000 - 0x00007ffb0c2e8000 	C:\Program Files\Amazon Corretto\jdk17.0.3_6\bin\jli.dll
0x00007ffb1d6c0000 - 0x00007ffb1d86d000 	C:\WINDOWS\System32\USER32.dll
0x00007ffb1b460000 - 0x00007ffb1b486000 	C:\WINDOWS\System32\win32u.dll
0x00007ffb1bab0000 - 0x00007ffb1bad9000 	C:\WINDOWS\System32\GDI32.dll
0x00007ffb11ff0000 - 0x00007ffb1227e000 	C:\WINDOWS\WinSxS\amd64_microsoft.windows.common-controls_6595b64144ccf1df_6.0.22621.608_none_a9444ca7c10bb01d\COMCTL32.dll
0x00007ffb1acd0000 - 0x00007ffb1ade2000 	C:\WINDOWS\System32\gdi32full.dll
0x00007ffb1c2f0000 - 0x00007ffb1c397000 	C:\WINDOWS\System32\msvcrt.dll
0x00007ffb1b600000 - 0x00007ffb1b69a000 	C:\WINDOWS\System32\msvcp_win.dll
0x00007ffb1c2b0000 - 0x00007ffb1c2e2000 	C:\WINDOWS\System32\IMM32.DLL
0x00007ffafd390000 - 0x00007ffafd42b000 	C:\Program Files\Amazon Corretto\jdk17.0.3_6\bin\msvcp140.dll
0x00007ffa79930000 - 0x00007ffa7a54b000 	C:\Program Files\Amazon Corretto\jdk17.0.3_6\bin\server\jvm.dll
0x00007ffb1d600000 - 0x00007ffb1d6ae000 	C:\WINDOWS\System32\ADVAPI32.dll
0x00007ffb1c480000 - 0x00007ffb1c524000 	C:\WINDOWS\System32\sechost.dll
0x00007ffb1c5c0000 - 0x00007ffb1c6d5000 	C:\WINDOWS\System32\RPCRT4.dll
0x00007ffb1d1a0000 - 0x00007ffb1d1a8000 	C:\WINDOWS\System32\PSAPI.DLL
0x00007ffb01fb0000 - 0x00007ffb01fe4000 	C:\WINDOWS\SYSTEM32\WINMM.dll
0x00007ffb14450000 - 0x00007ffb1445a000 	C:\WINDOWS\SYSTEM32\VERSION.dll
0x00007ffb0d730000 - 0x00007ffb0d739000 	C:\WINDOWS\SYSTEM32\WSOCK32.dll
0x00007ffb1c530000 - 0x00007ffb1c5a1000 	C:\WINDOWS\System32\WS2_32.dll
0x00007ffb19d30000 - 0x00007ffb19d48000 	C:\WINDOWS\SYSTEM32\kernel.appcore.dll
0x00007ffaee2a0000 - 0x00007ffaee2aa000 	C:\Program Files\Amazon Corretto\jdk17.0.3_6\bin\jimage.dll
0x00007ffb13240000 - 0x00007ffb1346e000 	C:\WINDOWS\SYSTEM32\DBGHELP.DLL
0x00007ffb1b720000 - 0x00007ffb1baaa000 	C:\WINDOWS\System32\combase.dll
0x00007ffb1c3a0000 - 0x00007ffb1c477000 	C:\WINDOWS\System32\OLEAUT32.dll
0x00007ffb10640000 - 0x00007ffb10672000 	C:\WINDOWS\SYSTEM32\dbgcore.DLL
0x00007ffb1b320000 - 0x00007ffb1b39b000 	C:\WINDOWS\System32\bcryptPrimitives.dll
0x00007ffad09a0000 - 0x00007ffad09c5000 	C:\Program Files\Amazon Corretto\jdk17.0.3_6\bin\java.dll

dbghelp: loaded successfully - version: 4.0.5 - missing functions: none
symbol engine: initialized successfully - sym options: 0x614 - pdb path: .;C:\Program Files\Amazon Corretto\jdk17.0.3_6\bin;C:\WINDOWS\SYSTEM32;C:\WINDOWS\WinSxS\amd64_microsoft.windows.common-controls_6595b64144ccf1df_6.0.22621.608_none_a9444ca7c10bb01d;C:\Program Files\Amazon Corretto\jdk17.0.3_6\bin\server

VM Arguments:
jvm_args: -Dfile.encoding=UTF-8 -XX:+ShowCodeDetailsInExceptionMessages 
java_command: atmSimulatorSystem.Transactions
java_class_path (initial): C:\programming_language\JAVA Project\BankManagementSystem\bin;C:\programming_language\JAVA Project\BankManagementSystem\lib\jcalendar-tz-1.3.3-4.jar;C:\programming_language\JAVA Project\BankManagementSystem\lib\mysql-connector-j-8.0.31.jar
Launcher Type: SUN_STANDARD

[Global flags]
     intx CICompilerCount                          = 12                                        {product} {ergonomic}
     uint ConcGCThreads                            = 3                                         {product} {ergonomic}
     uint G1ConcRefinementThreads                  = 13                                        {product} {ergonomic}
   size_t G1HeapRegionSize                         = 1048576                                   {product} {ergonomic}
    uintx GCDrainStackTargetSize                   = 64                                        {product} {ergonomic}
   size_t InitialHeapSize                          = 125829120                                 {product} {ergonomic}
   size_t MarkStackSize                            = 4194304                                   {product} {ergonomic}
   size_t MaxHeapSize                              = 1992294400                                {product} {ergonomic}
   size_t MinHeapDeltaBytes                        = 1048576                                   {product} {ergonomic}
   size_t MinHeapSize                              = 8388608                                   {product} {ergonomic}
    uintx NonNMethodCodeHeapSize                   = 7602480                                {pd product} {ergonomic}
    uintx NonProfiledCodeHeapSize                  = 122027880                              {pd product} {ergonomic}
    uintx ProfiledCodeHeapSize                     = 122027880                              {pd product} {ergonomic}
    uintx ReservedCodeCacheSize                    = 251658240                              {pd product} {ergonomic}
     bool SegmentedCodeCache                       = true                                      {product} {ergonomic}
     bool ShowCodeDetailsInExceptionMessages       = true                                   {manageable} {command line}
   size_t SoftMaxHeapSize                          = 1992294400                             {manageable} {ergonomic}
     bool UseCompressedClassPointers               = true                           {product lp64_product} {ergonomic}
     bool UseCompressedOops                        = true                           {product lp64_product} {ergonomic}
     bool UseG1GC                                  = true                                      {product} {ergonomic}
     bool UseLargePagesIndividualAllocation        = false                                  {pd product} {ergonomic}

Logging:
Log output configuration:
 #0: stdout all=warning uptime,level,tags
 #1: stderr all=off uptime,level,tags

Environment Variables:
JAVA_HOME=C:\Program Files\Amazon Corretto\jdk17.0.3_6
PATH=C:/Program Files/Amazon Corretto/jdk17.0.3_6/bin/server;C:/Program Files/Amazon Corretto/jdk17.0.3_6/bin;C:\Program Files (x86)\VMware\VMware Workstation\bin\;C:\python310\Scripts\;C:\python310\;C:\MinGW\bin;C:\Program Files\Amazon Corretto\jdk17.0.3_6\bin;C:\python310\python.exe;C:\Windows\system32;C:\Windows;C:\Windows\System32\Wbem;C:\Windows\System32\WindowsPowerShell\v1.0\;C:\Windows\System32\OpenSSH\;C:\Program Files (x86)\NVIDIA Corporation\PhysX\Common;C:\Program Files\NVIDIA Corporation\NVIDIA NvDLISR;C:\Program Files (x86)\JAVA\jdk-18_windows-x64_bin\jdk-18.0.1.1\bin;C:\Program Files (x86)\JAVA\jdk-17.0.3.1\bin;C:\programming_language\sumer course\software\;C:\ProgramData\chocolatey\bin;C:\Program Files\Git\cmd;C:\WINDOWS\system32;C:\WINDOWS;C:\WINDOWS\System32\Wbem;C:\WINDOWS\System32\WindowsPowerShell\v1.0\;C:\WINDOWS\System32\OpenSSH\;C:\Program Files\Cloudflare\Cloudflare WARP\;C:\Program Files\Go\bin;C:\Program Files\GitHub CLI\;C:\Program Files\MySQL\MySQL Shell 8.0\bin\;C:\Users\Shiva Srivastava\AppData\Local\Microsoft\WindowsApps;C:\Program Files\JetBrains\PyCharm Community Edition 2022.1\bin;;C:\MinGW\bin;C:\programming_language\sumer course\software\IntelliJ IDEA Community Edition 2022.1.3\bin;;C:\Users\Shiva Srivastava\AppData\Local\Programs\Microsoft VS Code\bin;C:\Users\Shiva Srivastava\AppData\Roaming\npm;C:\Users\Shiva Srivastava\AppData\Local\GitHubDesktop\bin;;C:\Program Files\JetBrains\IntelliJ IDEA 2022.2.3\bin;;C:\Program Files\JetBrains\PyCharm 2022.2.3\bin;;C:\Users\Shiva Srivastava\go\bin;C:\Users\Shiva Srivastava\Desktop;
USERNAME=Shiva Srivastava
OS=Windows_NT
PROCESSOR_IDENTIFIER=AMD64 Family 23 Model 96 Stepping 1, AuthenticAMD



---------------  S Y S T E M  ---------------

OS:
 Windows 11 , 64 bit Build 22621 (10.0.22621.900)
OS uptime: 0 days 6:45 hours

CPU: total 16 (initial active 16) (16 cores per cpu, 2 threads per core) family 23 model 96 stepping 1 microcode 0x0, cx8, cmov, fxsr, ht, mmx, 3dnowpref, sse, sse2, sse3, ssse3, sse4a, sse4.1, sse4.2, popcnt, lzcnt, tsc, tscinvbit, avx, avx2, aes, clmul, bmi1, bmi2, adx, sha, fma, vzeroupper, clflush, clflushopt

Memory: 4k page, system-wide physical 7598M (410M free)
TotalPageFile size 31150M (AvailPageFile size 63M)
current process WorkingSet (physical memory assigned to process): 11M, peak: 11M
current process commit charge ("private bytes"): 70M, peak: 190M

vm_info: OpenJDK 64-Bit Server VM (17.0.3+6-LTS) for windows-amd64 JRE (17.0.3+6-LTS), built on Apr 15 2022 22:16:02 by "Administrator" with MS VC++ 15.9 (VS2017)

END.
